2023-03-23T05:44:19+00:00 DEBUG tt4b_product_sync: missing access token for tt4b_product_sync
2023-03-23T05:44:19+00:00 DEBUG tt4b_product_sync: missing access token for tt4b_product_sync
2023-03-23T05:44:25+00:00 DEBUG tt4b_product_sync: missing access token for tt4b_product_sync
2023-03-23T05:44:25+00:00 DEBUG tt4b_product_sync: missing access token for tt4b_product_sync
2023-03-23T05:45:00+00:00 DEBUG tt4b_product_sync: missing access token for tt4b_product_sync
2023-03-23T05:45:14+00:00 DEBUG tt4b_product_sync: missing access token for tt4b_product_sync
2023-03-23T05:47:14+00:00 DEBUG tt4b_product_sync: missing access token for tt4b_product_sync
2023-03-23T05:48:35+00:00 DEBUG tt4b_product_sync: missing access token for tt4b_product_sync
2023-03-23T05:49:01+00:00 DEBUG Tt4b_Pixel_Class::inject_view_content_event: hit injectViewContentEvent
2023-03-23T05:49:01+00:00 DEBUG Tt4b_Pixel_Class::inject_view_content_event: Missing option "access_token"
2023-03-23T05:49:20+00:00 DEBUG Tt4b_Pixel_Class::inject_add_to_cart_event: hit injectAddToCartEvent
2023-03-23T05:49:20+00:00 DEBUG Tt4b_Pixel_Class::inject_add_to_cart_event: Missing option "access_token"
2023-03-23T05:49:21+00:00 DEBUG Tt4b_Pixel_Class::inject_view_content_event: hit injectViewContentEvent
2023-03-23T05:49:21+00:00 DEBUG Tt4b_Pixel_Class::inject_view_content_event: Missing option "access_token"
2023-03-23T05:49:36+00:00 DEBUG Tt4b_Pixel_Class::inject_start_checkout: hit injectStartCheckout
2023-03-23T05:49:36+00:00 DEBUG Tt4b_Pixel_Class::inject_start_checkout: Missing option "access_token"
2023-03-23T05:56:02+00:00 DEBUG Tt4b_Pixel_Class::inject_start_checkout: hit injectStartCheckout
2023-03-23T05:56:02+00:00 DEBUG Tt4b_Pixel_Class::inject_start_checkout: Missing option "access_token"
2023-03-23T06:00:35+00:00 DEBUG Tt4b_Pixel_Class::inject_add_to_cart_event: hit injectAddToCartEvent
2023-03-23T06:00:35+00:00 DEBUG Tt4b_Pixel_Class::inject_add_to_cart_event: Missing option "access_token"
2023-03-23T19:21:51+00:00 DEBUG Tt4b_Pixel_Class::inject_start_checkout: hit injectStartCheckout
2023-03-23T19:21:51+00:00 DEBUG Tt4b_Pixel_Class::inject_start_checkout: Missing option "access_token"
2023-03-23T19:29:59+00:00 DEBUG Tt4b_Pixel_Class::inject_start_checkout: hit injectStartCheckout
2023-03-23T19:29:59+00:00 DEBUG Tt4b_Pixel_Class::inject_start_checkout: Missing option "access_token"
2023-03-23T19:34:00+00:00 DEBUG Tt4b_Pixel_Class::inject_add_to_cart_event: hit injectAddToCartEvent
2023-03-23T19:34:00+00:00 DEBUG Tt4b_Pixel_Class::inject_add_to_cart_event: Missing option "access_token"
2023-03-23T19:41:46+00:00 DEBUG Tt4b_Pixel_Class::inject_start_checkout: hit injectStartCheckout
2023-03-23T19:41:46+00:00 DEBUG Tt4b_Pixel_Class::inject_start_checkout: Missing option "access_token"
